<?xml version="1.0" encoding="UTF-8"?>
<testsuite name="FirstSeleniumTest" tests="6" skipped="0" failures="0" errors="0" timestamp="2024-05-26T20:30:38" hostname="81b6007e740e" time="63.926">
  <properties/>
  <testcase name="Hover_test" classname="FirstSeleniumTest" time="25.419"/>
  <testcase name="test_login_and_send_questionForm" classname="FirstSeleniumTest" time="16.922"/>
  <testcase name="test_logout" classname="FirstSeleniumTest" time="14.586"/>
  <testcase name="send_form" classname="FirstSeleniumTest" time="3.476"/>
  <testcase name="title" classname="FirstSeleniumTest" time="1.82"/>
  <testcase name="StaticTest" classname="FirstSeleniumTest" time="1.703"/>
  <system-out><![CDATA[Page Title: Quora - A place to share knowledge and better understand the world
]]></system-out>
  <system-err><![CDATA[May 26, 2024 10:30:39 PM org.openqa.selenium.remote.ProtocolHandshake createSession
INFO: Detected dialect: OSS
May 26, 2024 10:31:04 PM org.openqa.selenium.remote.ProtocolHandshake createSession
INFO: Detected dialect: OSS
May 26, 2024 10:31:21 PM org.openqa.selenium.remote.ProtocolHandshake createSession
INFO: Detected dialect: OSS
May 26, 2024 10:31:36 PM org.openqa.selenium.remote.ProtocolHandshake createSession
INFO: Detected dialect: OSS
May 26, 2024 10:31:39 PM org.openqa.selenium.remote.ProtocolHandshake createSession
INFO: Detected dialect: OSS
May 26, 2024 10:31:41 PM org.openqa.selenium.remote.ProtocolHandshake createSession
INFO: Detected dialect: OSS
]]></system-err>
</testsuite>
